  DrawingArea.cpp
D:\1_College\_RandomItems\vcpkg-master\installed\x64-windows\include\gtkmm\widget.h(6020,1): warning C4250: 'Gtk::Widget': inherits 'Gtk::Object::Gtk::Object::destroy_notify_' via dominance
D:\1_College\_RandomItems\vcpkg-master\installed\x64-windows\include\gtkmm\object.h(132): message : see declaration of 'Gtk::Object::destroy_notify_'
D:\1_College\_RandomItems\vcpkg-master\installed\x64-windows\include\gtkmm\widget.h(6020,1): warning C4250: 'Gtk::Widget': inherits 'Gtk::Object::Gtk::Object::set_manage' via dominance
D:\1_College\_RandomItems\vcpkg-master\installed\x64-windows\include\gtkmm\object.h(113): message : see declaration of 'Gtk::Object::set_manage'
D:\1_College\_RandomItems\vcpkg-master\installed\x64-windows\include\gtkmm\drawingarea.h(115,1): warning C4250: 'Gtk::DrawingArea': inherits 'Gtk::Object::Gtk::Object::destroy_notify_' via dominance
D:\1_College\_RandomItems\vcpkg-master\installed\x64-windows\include\gtkmm\object.h(132): message : see declaration of 'Gtk::Object::destroy_notify_'
D:\1_College\_RandomItems\vcpkg-master\installed\x64-windows\include\gtkmm\drawingarea.h(115,1): warning C4250: 'Gtk::DrawingArea': inherits 'Gtk::Object::Gtk::Object::set_manage' via dominance
D:\1_College\_RandomItems\vcpkg-master\installed\x64-windows\include\gtkmm\object.h(113): message : see declaration of 'Gtk::Object::set_manage'
D:\6_PersonalProjects\HomeMonitor\DrawingArea.h(45,1): warning C4250: 'MyArea': inherits 'Gtk::Object::Gtk::Object::destroy_notify_' via dominance
D:\1_College\_RandomItems\vcpkg-master\installed\x64-windows\include\gtkmm\object.h(132): message : see declaration of 'Gtk::Object::destroy_notify_'
D:\6_PersonalProjects\HomeMonitor\DrawingArea.h(45,1): warning C4250: 'MyArea': inherits 'Gtk::Object::Gtk::Object::set_manage' via dominance
D:\1_College\_RandomItems\vcpkg-master\installed\x64-windows\include\gtkmm\object.h(113): message : see declaration of 'Gtk::Object::set_manage'
D:\6_PersonalProjects\HomeMonitor\DrawingArea.cpp(103,22): warning C4244: 'initializing': conversion from 'double' to 'float', possible loss of data
D:\6_PersonalProjects\HomeMonitor\DrawingArea.cpp(107,14): warning C4244: 'initializing': conversion from 'double' to 'int', possible loss of data
D:\6_PersonalProjects\HomeMonitor\DrawingArea.cpp(120,40): warning C4267: 'initializing': conversion from 'size_t' to 'int', possible loss of data
D:\6_PersonalProjects\HomeMonitor\DrawingArea.cpp(121,40): warning C4267: 'initializing': conversion from 'size_t' to 'int', possible loss of data
D:\6_PersonalProjects\HomeMonitor\DrawingArea.cpp(122,20): warning C4244: 'initializing': conversion from 'double' to 'float', possible loss of data
  Generating code
  2 of 785 functions ( 0.3%) were compiled, the rest were copied from previous compilation.
    0 functions were new in current compilation
    0 functions had inline decision re-evaluated but remain unchanged
  Finished generating code
  HomeMonitor.vcxproj -> D:\6_PersonalProjects\HomeMonitor\x64\Release\HomeMonitor.exe
