d:\6_personalprojects\homemonitor\x64\debug\vc142.pdb
d:\6_personalprojects\homemonitor\x64\debug\vc142.idb
d:\6_personalprojects\homemonitor\x64\debug\mainwindow.obj
d:\6_personalprojects\homemonitor\x64\debug\buttonrow.obj
d:\6_personalprojects\homemonitor\x64\debug\main.obj
d:\6_personalprojects\homemonitor\x64\debug\drawingarea.obj
d:\6_personalprojects\homemonitor\x64\debug\atkmm.dll
d:\6_personalprojects\homemonitor\x64\debug\atk-1.dll
d:\6_personalprojects\homemonitor\x64\debug\intl-8.dll
d:\6_personalprojects\homemonitor\x64\debug\iconv-2.dll
d:\6_personalprojects\homemonitor\x64\debug\glib-2.dll
d:\6_personalprojects\homemonitor\x64\debug\pcred.dll
d:\6_personalprojects\homemonitor\x64\debug\gobject-2.dll
d:\6_personalprojects\homemonitor\x64\debug\libffi.dll
d:\6_personalprojects\homemonitor\x64\debug\glibmm.dll
d:\6_personalprojects\homemonitor\x64\debug\gmodule-2.dll
d:\6_personalprojects\homemonitor\x64\debug\sigc-2.0.dll
d:\6_personalprojects\homemonitor\x64\debug\gdkmm.dll
d:\6_personalprojects\homemonitor\x64\debug\gdk-3.dll
d:\6_personalprojects\homemonitor\x64\debug\epoxy-0.dll
d:\6_personalprojects\homemonitor\x64\debug\gio-2.dll
d:\6_personalprojects\homemonitor\x64\debug\zlibd1.dll
d:\6_personalprojects\homemonitor\x64\debug\cairod.dll
d:\6_personalprojects\homemonitor\x64\debug\libpng16d.dll
d:\6_personalprojects\homemonitor\x64\debug\freetyped.dll
d:\6_personalprojects\homemonitor\x64\debug\bz2d.dll
d:\6_personalprojects\homemonitor\x64\debug\brotlidec.dll
d:\6_personalprojects\homemonitor\x64\debug\brotlicommon.dll
d:\6_personalprojects\homemonitor\x64\debug\fontconfig-1.dll
d:\6_personalprojects\homemonitor\x64\debug\libexpatd.dll
d:\6_personalprojects\homemonitor\x64\debug\cairo-gobjectd.dll
d:\6_personalprojects\homemonitor\x64\debug\pango-1.dll
d:\6_personalprojects\homemonitor\x64\debug\pangocairo-1.dll
d:\6_personalprojects\homemonitor\x64\debug\pangoft2-1.dll
d:\6_personalprojects\homemonitor\x64\debug\harfbuzz.dll
d:\6_personalprojects\homemonitor\x64\debug\pangowin32-1.dll
d:\6_personalprojects\homemonitor\x64\debug\gdk_pixbuf-2.dll
d:\6_personalprojects\homemonitor\x64\debug\giomm.dll
d:\6_personalprojects\homemonitor\x64\debug\gtk-3.dll
d:\6_personalprojects\homemonitor\x64\debug\gtkmm.dll
d:\6_personalprojects\homemonitor\x64\debug\pangomm.dll
d:\6_personalprojects\homemonitor\x64\debug\homemonitor.exe
d:\6_personalprojects\homemonitor\x64\debug\homemonitor.ilk
d:\6_personalprojects\homemonitor\x64\debug\homemonitor.pdb
d:\6_personalprojects\homemonitor\x64\debug\homemonitor.tlog\cl.command.1.tlog
d:\6_personalprojects\homemonitor\x64\debug\homemonitor.tlog\cl.read.1.tlog
d:\6_personalprojects\homemonitor\x64\debug\homemonitor.tlog\cl.write.1.tlog
d:\6_personalprojects\homemonitor\x64\debug\homemonitor.tlog\homemonitor.write.1u.tlog
d:\6_personalprojects\homemonitor\x64\debug\homemonitor.tlog\link.command.1.tlog
d:\6_personalprojects\homemonitor\x64\debug\homemonitor.tlog\link.read.1.tlog
d:\6_personalprojects\homemonitor\x64\debug\homemonitor.tlog\link.write.1.tlog
