
D:\6_PersonalProjects\HomeMonitor\x64\Debug\atkmm.dll
D:\6_PersonalProjects\HomeMonitor\x64\Debug\atk-1.dll
D:\6_PersonalProjects\HomeMonitor\x64\Debug\intl-8.dll
D:\6_PersonalProjects\HomeMonitor\x64\Debug\iconv-2.dll
D:\6_PersonalProjects\HomeMonitor\x64\Debug\glib-2.dll
D:\6_PersonalProjects\HomeMonitor\x64\Debug\pcred.dll
D:\6_PersonalProjects\HomeMonitor\x64\Debug\gobject-2.dll
D:\6_PersonalProjects\HomeMonitor\x64\Debug\libffi.dll
D:\6_PersonalProjects\HomeMonitor\x64\Debug\glibmm.dll
D:\6_PersonalProjects\HomeMonitor\x64\Debug\gmodule-2.dll
D:\6_PersonalProjects\HomeMonitor\x64\Debug\sigc-2.0.dll
D:\6_PersonalProjects\HomeMonitor\x64\Debug\gdkmm.dll
D:\6_PersonalProjects\HomeMonitor\x64\Debug\gdk-3.dll
D:\6_PersonalProjects\HomeMonitor\x64\Debug\epoxy-0.dll
D:\6_PersonalProjects\HomeMonitor\x64\Debug\gio-2.dll
D:\6_PersonalProjects\HomeMonitor\x64\Debug\zlibd1.dll
D:\6_PersonalProjects\HomeMonitor\x64\Debug\cairod.dll
D:\6_PersonalProjects\HomeMonitor\x64\Debug\libpng16d.dll
D:\6_PersonalProjects\HomeMonitor\x64\Debug\freetyped.dll
D:\6_PersonalProjects\HomeMonitor\x64\Debug\bz2d.dll
D:\6_PersonalProjects\HomeMonitor\x64\Debug\brotlidec.dll
D:\6_PersonalProjects\HomeMonitor\x64\Debug\brotlicommon.dll
D:\6_PersonalProjects\HomeMonitor\x64\Debug\fontconfig-1.dll
D:\6_PersonalProjects\HomeMonitor\x64\Debug\libexpatd.dll
D:\6_PersonalProjects\HomeMonitor\x64\Debug\cairo-gobjectd.dll
D:\6_PersonalProjects\HomeMonitor\x64\Debug\pango-1.dll
D:\6_PersonalProjects\HomeMonitor\x64\Debug\pangocairo-1.dll
D:\6_PersonalProjects\HomeMonitor\x64\Debug\pangoft2-1.dll
D:\6_PersonalProjects\HomeMonitor\x64\Debug\harfbuzz.dll
D:\6_PersonalProjects\HomeMonitor\x64\Debug\pangowin32-1.dll
D:\6_PersonalProjects\HomeMonitor\x64\Debug\gdk_pixbuf-2.dll
D:\6_PersonalProjects\HomeMonitor\x64\Debug\giomm.dll
D:\6_PersonalProjects\HomeMonitor\x64\Debug\gtk-3.dll
D:\6_PersonalProjects\HomeMonitor\x64\Debug\gtkmm.dll
D:\6_PersonalProjects\HomeMonitor\x64\Debug\pangomm.dll
